<?xml version="1.0" encoding="UTF-8"?>
<!-- Generated by org.testng.reporters.JUnitReportReporter -->
<testsuite hostname="DESKTOP-SVNM8G0" failures="0" tests="6" name="com.Nimap.tests.CustomerTest" time="202.758" errors="0" timestamp="2025-11-22T21:10:30 IST" skipped="0">
  <testcase classname="com.Nimap.tests.CustomerTest" name="testNewCustomer" time="14.789"/>
  <testcase classname="com.Nimap.tests.CustomerTest" name="testNewCustomer" time="15.221"/>
  <testcase classname="com.Nimap.tests.CustomerTest" name="testNewCustomer" time="65.283"/>
  <testcase classname="com.Nimap.tests.CustomerTest" name="testNewCustomer" time="50.299"/>
  <testcase classname="com.Nimap.tests.CustomerTest" name="testNewCustomerToastDisplayed" time="13.348"/>
  <testcase classname="com.Nimap.tests.CustomerTest" name="testNewCustomer" time="43.818"/>
</testsuite> <!-- com.Nimap.tests.CustomerTest -->
