<?xml version="1.0" encoding="UTF-8"?>
<!-- Generated by org.testng.reporters.JUnitReportReporter -->
<testsuite hostname="DESKTOP-SVNM8G0" failures="0" tests="5" name="com.Nimap.tests.LoginTest" time="111.202" errors="0" timestamp="2025-11-22T21:10:30 IST" skipped="0">
  <testcase classname="com.Nimap.tests.LoginTest" name="testLogin" time="21.664"/>
  <testcase classname="com.Nimap.tests.LoginTest" name="testLogin" time="37.275"/>
  <testcase classname="com.Nimap.tests.LoginTest" name="testLogin" time="13.326"/>
  <testcase classname="com.Nimap.tests.LoginTest" name="testLogin" time="14.750"/>
  <testcase classname="com.Nimap.tests.LoginTest" name="testLogin" time="24.187"/>
</testsuite> <!-- com.Nimap.tests.LoginTest -->
