<!DOCTYPE html PUBLIC "-//W3C//DTD XHTML 1.1//EN" "https://www.w3.org/TR/xhtml11/DTD/xhtml11.dtd">
<html xmlns="https://www.w3.org/1999/xhtml">
<head>
<meta http-equiv="content-type" content="text/html; charset=UTF-8"/>
<title>TestNG Report</title>
<style type="text/css">table {margin-bottom:10px;border-collapse:collapse;empty-cells:show}th,td {border:1px solid #009;padding:.25em .5em}th {vertical-align:bottom}td {vertical-align:top}table a {font-weight:bold}.stripe td {background-color: #E6EBF9}.num {text-align:right}.passedodd td {background-color: #3F3}.passedeven td {background-color: #0A0}.skippedodd td {background-color: #DDD}.skippedeven td {background-color: #CCC}.failedodd td,.attn {background-color: #F33}.failedeven td,.stripe .attn {background-color: #D00}.stacktrace {white-space:pre;font-family:monospace}.totop {font-size:85%;text-align:center;border-bottom:2px solid #000}.invisible {display:none}</style>
</head>
<body>
<table>
<tr><th>Test</th><th># Passed</th><th># Skipped</th><th># Retried</th><th># Failed</th><th>Time (ms)</th><th>Included Groups</th><th>Excluded Groups</th></tr>
<tr><th colspan="8">Suite</th></tr>
<tr><td><a href="#t0">Test</a></td><td class="num">11</td><td class="num">0</td><td class="num">0</td><td class="num attn">2</td><td class="num">419,621</td><td></td><td></td></tr>
</table>
<table id='summary'><thead><tr><th>Class</th><th>Method</th><th>Start</th><th>Time (ms)</th></tr></thead><tbody><tr><th colspan="4">Suite</th></tr></tbody><tbody id="t0"><tr><th colspan="4">Test &#8212; failed</th></tr><tr class="failedeven"><td rowspan="2">com.Nimap.tests.DashboardTest</td><td><a href="#m0">testPunchInToastDisplayed</a></td><td rowspan="1">1763825649637</td><td rowspan="1">20115</td></tr><tr class="failedeven"><td><a href="#m1">testPunchInToastInteraction</a></td><td rowspan="1">1763825695762</td><td rowspan="1">20117</td></tr><tr><th colspan="4">Test &#8212; passed</th></tr><tr class="passedeven"><td rowspan="6">com.Nimap.tests.CustomerTest</td><td><a href="#m2">testNewCustomer</a></td><td rowspan="5">1763825906905</td><td rowspan="5">4956</td></tr><tr class="passedeven"><td><a href="#m3">testNewCustomer</a></td></tr><tr class="passedeven"><td><a href="#m4">testNewCustomer</a></td></tr><tr class="passedeven"><td><a href="#m5">testNewCustomer</a></td></tr><tr class="passedeven"><td><a href="#m6">testNewCustomer</a></td></tr><tr class="passedeven"><td><a href="#m7">testNewCustomerToastDisplayed</a></td><td rowspan="1">1763826028590</td><td rowspan="1">1281</td></tr><tr class="passedodd"><td rowspan="5">com.Nimap.tests.LoginTest</td><td><a href="#m8">testLogin</a></td><td rowspan="5">1763825790263</td><td rowspan="5">312</td></tr><tr class="passedodd"><td><a href="#m9">testLogin</a></td></tr><tr class="passedodd"><td><a href="#m10">testLogin</a></td></tr><tr class="passedodd"><td><a href="#m11">testLogin</a></td></tr><tr class="passedodd"><td><a href="#m12">testLogin</a></td></tr></tbody>
</table>
<h2>Test</h2><h3 id="m0">com.Nimap.tests.DashboardTest#testPunchInToastDisplayed</h3><table class="result"><tr><th>Exception</th></tr><tr><td><div class="stacktrace">org.openqa.selenium.TimeoutException: Expected condition failed: waiting for element to be clickable: By.xpath: //span[text()=&apos;Punch In&apos;]/.. (tried for 5 second(s) with 500 milliseconds interval)
Build info: version: &apos;4.12.0&apos;, revision: &apos;249f2a7d1b*&apos;
System info: os.name: &apos;Windows 11&apos;, os.arch: &apos;amd64&apos;, os.version: &apos;10.0&apos;, java.version: &apos;11.0.27&apos;
Driver info: org.openqa.selenium.chrome.ChromeDriver
Capabilities {acceptInsecureCerts: false, browserName: chrome, browserVersion: 142.0.7444.176, chrome: {chromedriverVersion: 142.0.7444.175 (302067f14a4..., userDataDir: C:\Users\admin\AppData\Loca...}, fedcm:accounts: true, goog:chromeOptions: {debuggerAddress: localhost:56373}, goog:processID: 3652, networkConnectionEnabled: false, pageLoadStrategy: normal, platformName: windows, proxy: Proxy(), se:cdp: ws://localhost:56373/devtoo..., se:cdpVersion: 142.0.7444.176, setWindowRect: true, strictFileInteractability: false, timeouts: {implicit: 0, pageLoad: 300000, script: 30000}, unhandledPromptBehavior: dismiss and notify, webauthn:extension:credBlob: true, webauthn:extension:largeBlob: true, webauthn:extension:minPinLength: true, webauthn:extension:prf: true, webauthn:virtualAuthenticators: true}
Session ID: 2cb930ec2bb510281d2e57d6b4286af6
	at org.openqa.selenium.support.ui.WebDriverWait.timeoutException(WebDriverWait.java:84)
	at org.openqa.selenium.support.ui.FluentWait.until(FluentWait.java:230)
	at com.Nimap.utils.WaitUtils.waitForClickable(WaitUtils.java:27)
	at com.Nimap.PageObject.DashboardPage.clickPunchinButton(DashboardPage.java:26)
	at com.Nimap.tests.DashboardTest.testPunchInToastDisplayed(DashboardTest.java:23)
	at java.base/java.util.ArrayList.forEach(ArrayList.java:1541)
... Removed 27 stack frames</div></td></tr></table><p class="totop"><a href="#summary">back to summary</a></p>
<h3 id="m1">com.Nimap.tests.DashboardTest#testPunchInToastInteraction</h3><table class="result"><tr><th>Exception</th></tr><tr><td><div class="stacktrace">org.openqa.selenium.TimeoutException: Expected condition failed: waiting for element to be clickable: By.xpath: //span[text()=&apos;Punch In&apos;]/.. (tried for 5 second(s) with 500 milliseconds interval)
Build info: version: &apos;4.12.0&apos;, revision: &apos;249f2a7d1b*&apos;
System info: os.name: &apos;Windows 11&apos;, os.arch: &apos;amd64&apos;, os.version: &apos;10.0&apos;, java.version: &apos;11.0.27&apos;
Driver info: org.openqa.selenium.chrome.ChromeDriver
Capabilities {acceptInsecureCerts: false, browserName: chrome, browserVersion: 142.0.7444.176, chrome: {chromedriverVersion: 142.0.7444.175 (302067f14a4..., userDataDir: C:\Users\admin\AppData\Loca...}, fedcm:accounts: true, goog:chromeOptions: {debuggerAddress: localhost:49750}, goog:processID: 20584, networkConnectionEnabled: false, pageLoadStrategy: normal, platformName: windows, proxy: Proxy(), se:cdp: ws://localhost:49750/devtoo..., se:cdpVersion: 142.0.7444.176, setWindowRect: true, strictFileInteractability: false, timeouts: {implicit: 0, pageLoad: 300000, script: 30000}, unhandledPromptBehavior: dismiss and notify, webauthn:extension:credBlob: true, webauthn:extension:largeBlob: true, webauthn:extension:minPinLength: true, webauthn:extension:prf: true, webauthn:virtualAuthenticators: true}
Session ID: 6bdd4db104831ef27e7aeb595578ca12
	at org.openqa.selenium.support.ui.WebDriverWait.timeoutException(WebDriverWait.java:84)
	at org.openqa.selenium.support.ui.FluentWait.until(FluentWait.java:230)
	at com.Nimap.utils.WaitUtils.waitForClickable(WaitUtils.java:27)
	at com.Nimap.PageObject.DashboardPage.clickPunchinButton(DashboardPage.java:26)
	at com.Nimap.tests.DashboardTest.testPunchInToastInteraction(DashboardTest.java:31)
	at java.base/java.util.ArrayList.forEach(ArrayList.java:1541)
... Removed 27 stack frames</div></td></tr></table><p class="totop"><a href="#summary">back to summary</a></p>
<h3 id="m2">com.Nimap.tests.CustomerTest#testNewCustomer</h3><table class="result"><tr class="param"><th>Parameter #1</th><th>Parameter #2</th><th>Parameter #3</th><th>Parameter #4</th></tr><tr class="param stripe"><td>Sofia Lewis</td><td>sofia.lewis12@mail.com</td><td>Singapore</td><td>./Pictures/Profile2.jpg</td></tr></table><p class="totop"><a href="#summary">back to summary</a></p>
<h3 id="m3">com.Nimap.tests.CustomerTest#testNewCustomer</h3><table class="result"><tr class="param"><th>Parameter #1</th><th>Parameter #2</th><th>Parameter #3</th><th>Parameter #4</th></tr><tr class="param stripe"><td>Emily Carter</td><td>emily.carter88@mailbox.com</td><td>Bangladesh</td><td>./Pictures/Profile4.jpg</td></tr></table><p class="totop"><a href="#summary">back to summary</a></p>
<h3 id="m4">com.Nimap.tests.CustomerTest#testNewCustomer</h3><table class="result"><tr class="param"><th>Parameter #1</th><th>Parameter #2</th><th>Parameter #3</th><th>Parameter #4</th></tr><tr class="param stripe"><td>Harsh Patel</td><td>harsh.patel09@gmail.com</td><td>Saudi Arabia</td><td>./Pictures/Profile3.jpg</td></tr></table><p class="totop"><a href="#summary">back to summary</a></p>
<h3 id="m5">com.Nimap.tests.CustomerTest#testNewCustomer</h3><table class="result"><tr class="param"><th>Parameter #1</th><th>Parameter #2</th><th>Parameter #3</th><th>Parameter #4</th></tr><tr class="param stripe"><td>Mohammed Irfan</td><td>irfan.dev@mail.com</td><td>Bahrain</td><td>./Pictures/Profile5.jpg</td></tr></table><p class="totop"><a href="#summary">back to summary</a></p>
<h3 id="m6">com.Nimap.tests.CustomerTest#testNewCustomer</h3><table class="result"><tr class="param"><th>Parameter #1</th><th>Parameter #2</th><th>Parameter #3</th><th>Parameter #4</th></tr><tr class="param stripe"><td>Ayaan Khan</td><td>ayaan.khan91@gmail.com</td><td>United Arab Emirates</td><td>./Pictures/Profile1.jpg</td></tr></table><p class="totop"><a href="#summary">back to summary</a></p>
<h3 id="m7">com.Nimap.tests.CustomerTest#testNewCustomerToastDisplayed</h3><table class="result"><tr><th class="invisible"/></tr></table><p class="totop"><a href="#summary">back to summary</a></p>
<h3 id="m8">com.Nimap.tests.LoginTest#testLogin</h3><table class="result"><tr class="param"><th>Parameter #1</th><th>Parameter #2</th><th>Parameter #3</th></tr><tr class="param stripe"><td></td><td>Pass@1234</td><td>required</td></tr></table><p class="totop"><a href="#summary">back to summary</a></p>
<h3 id="m9">com.Nimap.tests.LoginTest#testLogin</h3><table class="result"><tr class="param"><th>Parameter #1</th><th>Parameter #2</th><th>Parameter #3</th></tr><tr class="param stripe"><td>9175171771</td><td>Shahid@12345</td><td>success</td></tr></table><p class="totop"><a href="#summary">back to summary</a></p>
<h3 id="m10">com.Nimap.tests.LoginTest#testLogin</h3><table class="result"><tr class="param"><th>Parameter #1</th><th>Parameter #2</th><th>Parameter #3</th></tr><tr class="param stripe"><td>1122334455</td><td>Invalid@123</td><td>invalid</td></tr></table><p class="totop"><a href="#summary">back to summary</a></p>
<h3 id="m11">com.Nimap.tests.LoginTest#testLogin</h3><table class="result"><tr class="param"><th>Parameter #1</th><th>Parameter #2</th><th>Parameter #3</th></tr><tr class="param stripe"><td>user@mail.com</td><td>WrongPass99</td><td>invalid</td></tr></table><p class="totop"><a href="#summary">back to summary</a></p>
<h3 id="m12">com.Nimap.tests.LoginTest#testLogin</h3><table class="result"><tr class="param"><th>Parameter #1</th><th>Parameter #2</th><th>Parameter #3</th></tr><tr class="param stripe"><td>9876543210</td><td></td><td>required</td></tr></table><p class="totop"><a href="#summary">back to summary</a></p>
</body>
</html>
