<?xml version="1.0" encoding="UTF-8"?>
<testng-results ignored="0" total="13" passed="11" failed="2" skipped="0">
  <reporter-output>
  </reporter-output>
  <suite started-at="2025-11-22T21:03:30 IST" name="Suite" finished-at="2025-11-22T21:10:30 IST" duration-ms="419621">
    <groups>
    </groups>
    <test started-at="2025-11-22T21:03:30 IST" name="Test" finished-at="2025-11-22T21:10:30 IST" duration-ms="419621">
      <class name="com.Nimap.tests.LoginTest">
        <test-method is-config="true" signature="setup()[pri:0, instance:com.Nimap.tests.LoginTest@1a245833]" started-at="2025-11-22T21:05:16 IST" name="setup" finished-at="2025-11-22T21:05:37 IST" duration-ms="21099" status="PASS">
          <reporter-output>
          </reporter-output>
        </test-method> <!-- setup -->
        <test-method is-config="true" signature="setUpPage()[pri:0, instance:com.Nimap.tests.LoginTest@1a245833]" started-at="2025-11-22T21:05:37 IST" name="setUpPage" finished-at="2025-11-22T21:05:37 IST" duration-ms="1" status="PASS">
          <reporter-output>
          </reporter-output>
        </test-method> <!-- setUpPage -->
        <test-method signature="testLogin(java.lang.String,java.lang.String,java.lang.String)[pri:0, instance:com.Nimap.tests.LoginTest@1a245833]" started-at="2025-11-22T21:05:37 IST" name="testLogin" data-provider="loginData" finished-at="2025-11-22T21:05:38 IST" duration-ms="1008" status="PASS">
          <params>
            <param index="0">
              <value>
                <![CDATA[9175171771]]>
              </value>
            </param>
            <param index="1">
              <value>
                <![CDATA[Shahid@12345]]>
              </value>
            </param>
            <param index="2">
              <value>
                <![CDATA[success]]>
              </value>
            </param>
          </params>
          <reporter-output>
          </reporter-output>
        </test-method> <!-- testLogin -->
        <test-method is-config="true" signature="teardown()[pri:0, instance:com.Nimap.tests.LoginTest@1a245833]" started-at="2025-11-22T21:05:38 IST" name="teardown" finished-at="2025-11-22T21:05:38 IST" duration-ms="188" status="PASS">
          <reporter-output>
          </reporter-output>
        </test-method> <!-- teardown -->
        <test-method is-config="true" signature="setup()[pri:0, instance:com.Nimap.tests.LoginTest@1a245833]" started-at="2025-11-22T21:05:38 IST" name="setup" finished-at="2025-11-22T21:05:51 IST" duration-ms="12529" status="PASS">
          <reporter-output>
          </reporter-output>
        </test-method> <!-- setup -->
        <test-method signature="testLogin(java.lang.String,java.lang.String,java.lang.String)[pri:0, instance:com.Nimap.tests.LoginTest@1a245833]" started-at="2025-11-22T21:05:51 IST" name="testLogin" data-provider="loginData" finished-at="2025-11-22T21:05:51 IST" duration-ms="801" status="PASS">
          <params>
            <param index="0">
              <value>
                <![CDATA[user@mail.com]]>
              </value>
            </param>
            <param index="1">
              <value>
                <![CDATA[WrongPass99]]>
              </value>
            </param>
            <param index="2">
              <value>
                <![CDATA[invalid]]>
              </value>
            </param>
          </params>
          <reporter-output>
          </reporter-output>
        </test-method> <!-- testLogin -->
        <test-method is-config="true" signature="setUpPage()[pri:0, instance:com.Nimap.tests.LoginTest@1a245833]" started-at="2025-11-22T21:05:51 IST" name="setUpPage" finished-at="2025-11-22T21:05:51 IST" duration-ms="0" status="PASS">
          <reporter-output>
          </reporter-output>
        </test-method> <!-- setUpPage -->
        <test-method is-config="true" signature="teardown()[pri:0, instance:com.Nimap.tests.LoginTest@1a245833]" started-at="2025-11-22T21:05:51 IST" name="teardown" finished-at="2025-11-22T21:05:52 IST" duration-ms="253" status="PASS">
          <reporter-output>
          </reporter-output>
        </test-method> <!-- teardown -->
        <test-method is-config="true" signature="setup()[pri:0, instance:com.Nimap.tests.LoginTest@1a245833]" started-at="2025-11-22T21:05:52 IST" name="setup" finished-at="2025-11-22T21:06:15 IST" duration-ms="23671" status="PASS">
          <reporter-output>
          </reporter-output>
        </test-method> <!-- setup -->
        <test-method is-config="true" signature="setUpPage()[pri:0, instance:com.Nimap.tests.LoginTest@1a245833]" started-at="2025-11-22T21:06:15 IST" name="setUpPage" finished-at="2025-11-22T21:06:15 IST" duration-ms="1" status="PASS">
          <reporter-output>
          </reporter-output>
        </test-method> <!-- setUpPage -->
        <test-method signature="testLogin(java.lang.String,java.lang.String,java.lang.String)[pri:0, instance:com.Nimap.tests.LoginTest@1a245833]" started-at="2025-11-22T21:06:15 IST" name="testLogin" data-provider="loginData" finished-at="2025-11-22T21:06:16 IST" duration-ms="608" status="PASS">
          <params>
            <param index="0">
              <value>
                <![CDATA[1122334455]]>
              </value>
            </param>
            <param index="1">
              <value>
                <![CDATA[Invalid@123]]>
              </value>
            </param>
            <param index="2">
              <value>
                <![CDATA[invalid]]>
              </value>
            </param>
          </params>
          <reporter-output>
          </reporter-output>
        </test-method> <!-- testLogin -->
        <test-method is-config="true" signature="teardown()[pri:0, instance:com.Nimap.tests.LoginTest@1a245833]" started-at="2025-11-22T21:06:16 IST" name="teardown" finished-at="2025-11-22T21:06:16 IST" duration-ms="186" status="PASS">
          <reporter-output>
          </reporter-output>
        </test-method> <!-- teardown -->
        <test-method is-config="true" signature="setup()[pri:0, instance:com.Nimap.tests.LoginTest@1a245833]" started-at="2025-11-22T21:06:16 IST" name="setup" finished-at="2025-11-22T21:06:30 IST" duration-ms="13720" status="PASS">
          <reporter-output>
          </reporter-output>
        </test-method> <!-- setup -->
        <test-method is-config="true" signature="setUpPage()[pri:0, instance:com.Nimap.tests.LoginTest@1a245833]" started-at="2025-11-22T21:06:30 IST" name="setUpPage" finished-at="2025-11-22T21:06:30 IST" duration-ms="1" status="PASS">
          <reporter-output>
          </reporter-output>
        </test-method> <!-- setUpPage -->
        <test-method signature="testLogin(java.lang.String,java.lang.String,java.lang.String)[pri:0, instance:com.Nimap.tests.LoginTest@1a245833]" started-at="2025-11-22T21:06:30 IST" name="testLogin" data-provider="loginData" finished-at="2025-11-22T21:06:30 IST" duration-ms="312" status="PASS">
          <params>
            <param index="0">
              <value>
                <![CDATA[]]>
              </value>
            </param>
            <param index="1">
              <value>
                <![CDATA[Pass@1234]]>
              </value>
            </param>
            <param index="2">
              <value>
                <![CDATA[required]]>
              </value>
            </param>
          </params>
          <reporter-output>
          </reporter-output>
        </test-method> <!-- testLogin -->
        <test-method is-config="true" signature="teardown()[pri:0, instance:com.Nimap.tests.LoginTest@1a245833]" started-at="2025-11-22T21:06:30 IST" name="teardown" finished-at="2025-11-22T21:06:30 IST" duration-ms="225" status="PASS">
          <reporter-output>
          </reporter-output>
        </test-method> <!-- teardown -->
        <test-method is-config="true" signature="setup()[pri:0, instance:com.Nimap.tests.LoginTest@1a245833]" started-at="2025-11-22T21:06:30 IST" name="setup" finished-at="2025-11-22T21:07:06 IST" duration-ms="36041" status="PASS">
          <reporter-output>
          </reporter-output>
        </test-method> <!-- setup -->
        <test-method is-config="true" signature="setUpPage()[pri:0, instance:com.Nimap.tests.LoginTest@1a245833]" started-at="2025-11-22T21:07:06 IST" name="setUpPage" finished-at="2025-11-22T21:07:06 IST" duration-ms="2" status="PASS">
          <reporter-output>
          </reporter-output>
        </test-method> <!-- setUpPage -->
        <test-method signature="testLogin(java.lang.String,java.lang.String,java.lang.String)[pri:0, instance:com.Nimap.tests.LoginTest@1a245833]" started-at="2025-11-22T21:07:06 IST" name="testLogin" data-provider="loginData" finished-at="2025-11-22T21:07:07 IST" duration-ms="329" status="PASS">
          <params>
            <param index="0">
              <value>
                <![CDATA[9876543210]]>
              </value>
            </param>
            <param index="1">
              <value>
                <![CDATA[]]>
              </value>
            </param>
            <param index="2">
              <value>
                <![CDATA[required]]>
              </value>
            </param>
          </params>
          <reporter-output>
          </reporter-output>
        </test-method> <!-- testLogin -->
        <test-method is-config="true" signature="teardown()[pri:0, instance:com.Nimap.tests.LoginTest@1a245833]" started-at="2025-11-22T21:07:07 IST" name="teardown" finished-at="2025-11-22T21:07:07 IST" duration-ms="227" status="PASS">
          <reporter-output>
          </reporter-output>
        </test-method> <!-- teardown -->
      </class> <!-- com.Nimap.tests.LoginTest -->
      <class name="com.Nimap.tests.DashboardTest">
        <test-method is-config="true" signature="setup()[pri:0, instance:com.Nimap.tests.DashboardTest@606e4010]" started-at="2025-11-22T21:03:30 IST" name="setup" finished-at="2025-11-22T21:04:08 IST" duration-ms="37951" status="PASS">
          <reporter-output>
          </reporter-output>
        </test-method> <!-- setup -->
        <test-method is-config="true" signature="setUpPages()[pri:0, instance:com.Nimap.tests.DashboardTest@606e4010]" started-at="2025-11-22T21:04:08 IST" name="setUpPages" finished-at="2025-11-22T21:04:09 IST" duration-ms="1072" status="PASS">
          <reporter-output>
          </reporter-output>
        </test-method> <!-- setUpPages -->
        <test-method signature="testPunchInToastDisplayed()[pri:0, instance:com.Nimap.tests.DashboardTest@606e4010]" started-at="2025-11-22T21:04:09 IST" name="testPunchInToastDisplayed" finished-at="2025-11-22T21:04:29 IST" duration-ms="20115" status="FAIL">
          <exception class="org.openqa.selenium.TimeoutException">
            <message>
              <![CDATA[Expected condition failed: waiting for element to be clickable: By.xpath: //span[text()='Punch In']/.. (tried for 5 second(s) with 500 milliseconds interval)
Build info: version: '4.12.0', revision: '249f2a7d1b*'
System info: os.name: 'Windows 11', os.arch: 'amd64', os.version: '10.0', java.version: '11.0.27'
Driver info: org.openqa.selenium.chrome.ChromeDriver
Capabilities {acceptInsecureCerts: false, browserName: chrome, browserVersion: 142.0.7444.176, chrome: {chromedriverVersion: 142.0.7444.175 (302067f14a4..., userDataDir: C:\Users\admin\AppData\Loca...}, fedcm:accounts: true, goog:chromeOptions: {debuggerAddress: localhost:56373}, goog:processID: 3652, networkConnectionEnabled: false, pageLoadStrategy: normal, platformName: windows, proxy: Proxy(), se:cdp: ws://localhost:56373/devtoo..., se:cdpVersion: 142.0.7444.176, setWindowRect: true, strictFileInteractability: false, timeouts: {implicit: 0, pageLoad: 300000, script: 30000}, unhandledPromptBehavior: dismiss and notify, webauthn:extension:credBlob: true, webauthn:extension:largeBlob: true, webauthn:extension:minPinLength: true, webauthn:extension:prf: true, webauthn:virtualAuthenticators: true}
Session ID: 2cb930ec2bb510281d2e57d6b4286af6]]>
            </message>
            <full-stacktrace>
              <![CDATA[org.openqa.selenium.TimeoutException: Expected condition failed: waiting for element to be clickable: By.xpath: //span[text()='Punch In']/.. (tried for 5 second(s) with 500 milliseconds interval)
Build info: version: '4.12.0', revision: '249f2a7d1b*'
System info: os.name: 'Windows 11', os.arch: 'amd64', os.version: '10.0', java.version: '11.0.27'
Driver info: org.openqa.selenium.chrome.ChromeDriver
Capabilities {acceptInsecureCerts: false, browserName: chrome, browserVersion: 142.0.7444.176, chrome: {chromedriverVersion: 142.0.7444.175 (302067f14a4..., userDataDir: C:\Users\admin\AppData\Loca...}, fedcm:accounts: true, goog:chromeOptions: {debuggerAddress: localhost:56373}, goog:processID: 3652, networkConnectionEnabled: false, pageLoadStrategy: normal, platformName: windows, proxy: Proxy(), se:cdp: ws://localhost:56373/devtoo..., se:cdpVersion: 142.0.7444.176, setWindowRect: true, strictFileInteractability: false, timeouts: {implicit: 0, pageLoad: 300000, script: 30000}, unhandledPromptBehavior: dismiss and notify, webauthn:extension:credBlob: true, webauthn:extension:largeBlob: true, webauthn:extension:minPinLength: true, webauthn:extension:prf: true, webauthn:virtualAuthenticators: true}
Session ID: 2cb930ec2bb510281d2e57d6b4286af6
at org.openqa.selenium.support.ui.WebDriverWait.timeoutException(WebDriverWait.java:84)
at org.openqa.selenium.support.ui.FluentWait.until(FluentWait.java:230)
at com.Nimap.utils.WaitUtils.waitForClickable(WaitUtils.java:27)
at com.Nimap.PageObject.DashboardPage.clickPunchinButton(DashboardPage.java:26)
at com.Nimap.tests.DashboardTest.testPunchInToastDisplayed(DashboardTest.java:23)
at java.base/jdk.internal.reflect.NativeMethodAccessorImpl.invoke0(Native Method)
at java.base/jdk.internal.reflect.NativeMethodAccessorImpl.invoke(NativeMethodAccessorImpl.java:62)
at java.base/jdk.internal.reflect.DelegatingMethodAccessorImpl.invoke(DelegatingMethodAccessorImpl.java:43)
at java.base/java.lang.reflect.Method.invoke(Method.java:566)
at org.testng.internal.invokers.MethodInvocationHelper.invokeMethod(MethodInvocationHelper.java:139)
at org.testng.internal.invokers.TestInvoker.invokeMethod(TestInvoker.java:664)
at org.testng.internal.invokers.TestInvoker.invokeTestMethod(TestInvoker.java:227)
at org.testng.internal.invokers.MethodRunner.runInSequence(MethodRunner.java:50)
at org.testng.internal.invokers.TestInvoker$MethodInvocationAgent.invoke(TestInvoker.java:957)
at org.testng.internal.invokers.TestInvoker.invokeTestMethods(TestInvoker.java:200)
at org.testng.internal.invokers.TestMethodWorker.invokeTestMethods(TestMethodWorker.java:148)
at org.testng.internal.invokers.TestMethodWorker.run(TestMethodWorker.java:128)
at java.base/java.util.ArrayList.forEach(ArrayList.java:1541)
at org.testng.TestRunner.privateRun(TestRunner.java:848)
at org.testng.TestRunner.run(TestRunner.java:621)
at org.testng.SuiteRunner.runTest(SuiteRunner.java:443)
at org.testng.SuiteRunner.runSequentially(SuiteRunner.java:437)
at org.testng.SuiteRunner.privateRun(SuiteRunner.java:397)
at org.testng.SuiteRunner.run(SuiteRunner.java:336)
at org.testng.SuiteRunnerWorker.runSuite(SuiteRunnerWorker.java:52)
at org.testng.SuiteRunnerWorker.run(SuiteRunnerWorker.java:95)
at org.testng.TestNG.runSuitesSequentially(TestNG.java:1280)
at org.testng.TestNG.runSuitesLocally(TestNG.java:1200)
at org.testng.TestNG.runSuites(TestNG.java:1114)
at org.testng.TestNG.run(TestNG.java:1082)
at org.testng.remote.AbstractRemoteTestNG.run(AbstractRemoteTestNG.java:115)
at org.testng.remote.RemoteTestNG.initAndRun(RemoteTestNG.java:293)
at org.testng.remote.RemoteTestNG.main(RemoteTestNG.java:91)
]]>
            </full-stacktrace>
          </exception> <!-- org.openqa.selenium.TimeoutException -->
          <reporter-output>
          </reporter-output>
        </test-method> <!-- testPunchInToastDisplayed -->
        <test-method is-config="true" signature="teardown()[pri:0, instance:com.Nimap.tests.DashboardTest@606e4010]" started-at="2025-11-22T21:04:29 IST" name="teardown" finished-at="2025-11-22T21:04:30 IST" duration-ms="251" status="PASS">
          <reporter-output>
          </reporter-output>
        </test-method> <!-- teardown -->
        <test-method is-config="true" signature="setup()[pri:0, instance:com.Nimap.tests.DashboardTest@606e4010]" started-at="2025-11-22T21:04:30 IST" name="setup" finished-at="2025-11-22T21:04:54 IST" duration-ms="24688" status="PASS">
          <reporter-output>
          </reporter-output>
        </test-method> <!-- setup -->
        <test-method is-config="true" signature="setUpPages()[pri:0, instance:com.Nimap.tests.DashboardTest@606e4010]" started-at="2025-11-22T21:04:54 IST" name="setUpPages" finished-at="2025-11-22T21:04:55 IST" duration-ms="1052" status="PASS">
          <reporter-output>
          </reporter-output>
        </test-method> <!-- setUpPages -->
        <test-method signature="testPunchInToastInteraction()[pri:0, instance:com.Nimap.tests.DashboardTest@606e4010]" started-at="2025-11-22T21:04:55 IST" name="testPunchInToastInteraction" finished-at="2025-11-22T21:05:15 IST" duration-ms="20117" status="FAIL">
          <exception class="org.openqa.selenium.TimeoutException">
            <message>
              <![CDATA[Expected condition failed: waiting for element to be clickable: By.xpath: //span[text()='Punch In']/.. (tried for 5 second(s) with 500 milliseconds interval)
Build info: version: '4.12.0', revision: '249f2a7d1b*'
System info: os.name: 'Windows 11', os.arch: 'amd64', os.version: '10.0', java.version: '11.0.27'
Driver info: org.openqa.selenium.chrome.ChromeDriver
Capabilities {acceptInsecureCerts: false, browserName: chrome, browserVersion: 142.0.7444.176, chrome: {chromedriverVersion: 142.0.7444.175 (302067f14a4..., userDataDir: C:\Users\admin\AppData\Loca...}, fedcm:accounts: true, goog:chromeOptions: {debuggerAddress: localhost:49750}, goog:processID: 20584, networkConnectionEnabled: false, pageLoadStrategy: normal, platformName: windows, proxy: Proxy(), se:cdp: ws://localhost:49750/devtoo..., se:cdpVersion: 142.0.7444.176, setWindowRect: true, strictFileInteractability: false, timeouts: {implicit: 0, pageLoad: 300000, script: 30000}, unhandledPromptBehavior: dismiss and notify, webauthn:extension:credBlob: true, webauthn:extension:largeBlob: true, webauthn:extension:minPinLength: true, webauthn:extension:prf: true, webauthn:virtualAuthenticators: true}
Session ID: 6bdd4db104831ef27e7aeb595578ca12]]>
            </message>
            <full-stacktrace>
              <![CDATA[org.openqa.selenium.TimeoutException: Expected condition failed: waiting for element to be clickable: By.xpath: //span[text()='Punch In']/.. (tried for 5 second(s) with 500 milliseconds interval)
Build info: version: '4.12.0', revision: '249f2a7d1b*'
System info: os.name: 'Windows 11', os.arch: 'amd64', os.version: '10.0', java.version: '11.0.27'
Driver info: org.openqa.selenium.chrome.ChromeDriver
Capabilities {acceptInsecureCerts: false, browserName: chrome, browserVersion: 142.0.7444.176, chrome: {chromedriverVersion: 142.0.7444.175 (302067f14a4..., userDataDir: C:\Users\admin\AppData\Loca...}, fedcm:accounts: true, goog:chromeOptions: {debuggerAddress: localhost:49750}, goog:processID: 20584, networkConnectionEnabled: false, pageLoadStrategy: normal, platformName: windows, proxy: Proxy(), se:cdp: ws://localhost:49750/devtoo..., se:cdpVersion: 142.0.7444.176, setWindowRect: true, strictFileInteractability: false, timeouts: {implicit: 0, pageLoad: 300000, script: 30000}, unhandledPromptBehavior: dismiss and notify, webauthn:extension:credBlob: true, webauthn:extension:largeBlob: true, webauthn:extension:minPinLength: true, webauthn:extension:prf: true, webauthn:virtualAuthenticators: true}
Session ID: 6bdd4db104831ef27e7aeb595578ca12
at org.openqa.selenium.support.ui.WebDriverWait.timeoutException(WebDriverWait.java:84)
at org.openqa.selenium.support.ui.FluentWait.until(FluentWait.java:230)
at com.Nimap.utils.WaitUtils.waitForClickable(WaitUtils.java:27)
at com.Nimap.PageObject.DashboardPage.clickPunchinButton(DashboardPage.java:26)
at com.Nimap.tests.DashboardTest.testPunchInToastInteraction(DashboardTest.java:31)
at java.base/jdk.internal.reflect.NativeMethodAccessorImpl.invoke0(Native Method)
at java.base/jdk.internal.reflect.NativeMethodAccessorImpl.invoke(NativeMethodAccessorImpl.java:62)
at java.base/jdk.internal.reflect.DelegatingMethodAccessorImpl.invoke(DelegatingMethodAccessorImpl.java:43)
at java.base/java.lang.reflect.Method.invoke(Method.java:566)
at org.testng.internal.invokers.MethodInvocationHelper.invokeMethod(MethodInvocationHelper.java:139)
at org.testng.internal.invokers.TestInvoker.invokeMethod(TestInvoker.java:664)
at org.testng.internal.invokers.TestInvoker.invokeTestMethod(TestInvoker.java:227)
at org.testng.internal.invokers.MethodRunner.runInSequence(MethodRunner.java:50)
at org.testng.internal.invokers.TestInvoker$MethodInvocationAgent.invoke(TestInvoker.java:957)
at org.testng.internal.invokers.TestInvoker.invokeTestMethods(TestInvoker.java:200)
at org.testng.internal.invokers.TestMethodWorker.invokeTestMethods(TestMethodWorker.java:148)
at org.testng.internal.invokers.TestMethodWorker.run(TestMethodWorker.java:128)
at java.base/java.util.ArrayList.forEach(ArrayList.java:1541)
at org.testng.TestRunner.privateRun(TestRunner.java:848)
at org.testng.TestRunner.run(TestRunner.java:621)
at org.testng.SuiteRunner.runTest(SuiteRunner.java:443)
at org.testng.SuiteRunner.runSequentially(SuiteRunner.java:437)
at org.testng.SuiteRunner.privateRun(SuiteRunner.java:397)
at org.testng.SuiteRunner.run(SuiteRunner.java:336)
at org.testng.SuiteRunnerWorker.runSuite(SuiteRunnerWorker.java:52)
at org.testng.SuiteRunnerWorker.run(SuiteRunnerWorker.java:95)
at org.testng.TestNG.runSuitesSequentially(TestNG.java:1280)
at org.testng.TestNG.runSuitesLocally(TestNG.java:1200)
at org.testng.TestNG.runSuites(TestNG.java:1114)
at org.testng.TestNG.run(TestNG.java:1082)
at org.testng.remote.AbstractRemoteTestNG.run(AbstractRemoteTestNG.java:115)
at org.testng.remote.RemoteTestNG.initAndRun(RemoteTestNG.java:293)
at org.testng.remote.RemoteTestNG.main(RemoteTestNG.java:91)
]]>
            </full-stacktrace>
          </exception> <!-- org.openqa.selenium.TimeoutException -->
          <reporter-output>
          </reporter-output>
        </test-method> <!-- testPunchInToastInteraction -->
        <test-method is-config="true" signature="teardown()[pri:0, instance:com.Nimap.tests.DashboardTest@606e4010]" started-at="2025-11-22T21:05:15 IST" name="teardown" finished-at="2025-11-22T21:05:16 IST" duration-ms="278" status="PASS">
          <reporter-output>
          </reporter-output>
        </test-method> <!-- teardown -->
      </class> <!-- com.Nimap.tests.DashboardTest -->
      <class name="com.Nimap.tests.CustomerTest">
        <test-method is-config="true" signature="setup()[pri:0, instance:com.Nimap.tests.CustomerTest@673fdbce]" started-at="2025-11-22T21:07:07 IST" name="setup" finished-at="2025-11-22T21:07:49 IST" duration-ms="41984" status="PASS">
          <reporter-output>
          </reporter-output>
        </test-method> <!-- setup -->
        <test-method is-config="true" signature="setUpPages()[pri:0, instance:com.Nimap.tests.CustomerTest@673fdbce]" started-at="2025-11-22T21:07:49 IST" name="setUpPages" finished-at="2025-11-22T21:07:52 IST" duration-ms="2878" status="PASS">
          <reporter-output>
          </reporter-output>
        </test-method> <!-- setUpPages -->
        <test-method signature="testNewCustomer(java.lang.String,java.lang.String,java.lang.String,java.lang.String)[pri:0, instance:com.Nimap.tests.CustomerTest@673fdbce]" started-at="2025-11-22T21:07:52 IST" name="testNewCustomer" data-provider="newCustomerData" finished-at="2025-11-22T21:08:15 IST" duration-ms="23670" status="PASS">
          <params>
            <param index="0">
              <value>
                <![CDATA[Ayaan Khan]]>
              </value>
            </param>
            <param index="1">
              <value>
                <![CDATA[ayaan.khan91@gmail.com]]>
              </value>
            </param>
            <param index="2">
              <value>
                <![CDATA[United Arab Emirates]]>
              </value>
            </param>
            <param index="3">
              <value>
                <![CDATA[./Pictures/Profile1.jpg]]>
              </value>
            </param>
          </params>
          <reporter-output>
          </reporter-output>
        </test-method> <!-- testNewCustomer -->
        <test-method is-config="true" signature="teardown()[pri:0, instance:com.Nimap.tests.CustomerTest@673fdbce]" started-at="2025-11-22T21:08:15 IST" name="teardown" finished-at="2025-11-22T21:08:16 IST" duration-ms="242" status="PASS">
          <reporter-output>
          </reporter-output>
        </test-method> <!-- teardown -->
        <test-method is-config="true" signature="setup()[pri:0, instance:com.Nimap.tests.CustomerTest@673fdbce]" started-at="2025-11-22T21:08:16 IST" name="setup" finished-at="2025-11-22T21:08:24 IST" duration-ms="8686" status="PASS">
          <reporter-output>
          </reporter-output>
        </test-method> <!-- setup -->
        <test-method is-config="true" signature="setUpPages()[pri:0, instance:com.Nimap.tests.CustomerTest@673fdbce]" started-at="2025-11-22T21:08:24 IST" name="setUpPages" finished-at="2025-11-22T21:08:26 IST" duration-ms="2037" status="PASS">
          <reporter-output>
          </reporter-output>
        </test-method> <!-- setUpPages -->
        <test-method signature="testNewCustomer(java.lang.String,java.lang.String,java.lang.String,java.lang.String)[pri:0, instance:com.Nimap.tests.CustomerTest@673fdbce]" started-at="2025-11-22T21:08:26 IST" name="testNewCustomer" data-provider="newCustomerData" finished-at="2025-11-22T21:08:31 IST" duration-ms="4956" status="PASS">
          <params>
            <param index="0">
              <value>
                <![CDATA[Sofia Lewis]]>
              </value>
            </param>
            <param index="1">
              <value>
                <![CDATA[sofia.lewis12@mail.com]]>
              </value>
            </param>
            <param index="2">
              <value>
                <![CDATA[Singapore]]>
              </value>
            </param>
            <param index="3">
              <value>
                <![CDATA[./Pictures/Profile2.jpg]]>
              </value>
            </param>
          </params>
          <reporter-output>
          </reporter-output>
        </test-method> <!-- testNewCustomer -->
        <test-method is-config="true" signature="teardown()[pri:0, instance:com.Nimap.tests.CustomerTest@673fdbce]" started-at="2025-11-22T21:08:31 IST" name="teardown" finished-at="2025-11-22T21:08:32 IST" duration-ms="208" status="PASS">
          <reporter-output>
          </reporter-output>
        </test-method> <!-- teardown -->
        <test-method is-config="true" signature="setup()[pri:0, instance:com.Nimap.tests.CustomerTest@673fdbce]" started-at="2025-11-22T21:08:32 IST" name="setup" finished-at="2025-11-22T21:09:28 IST" duration-ms="56449" status="PASS">
          <reporter-output>
          </reporter-output>
        </test-method> <!-- setup -->
        <test-method is-config="true" signature="setUpPages()[pri:0, instance:com.Nimap.tests.CustomerTest@673fdbce]" started-at="2025-11-22T21:09:28 IST" name="setUpPages" finished-at="2025-11-22T21:09:30 IST" duration-ms="2292" status="PASS">
          <reporter-output>
          </reporter-output>
        </test-method> <!-- setUpPages -->
        <test-method signature="testNewCustomer(java.lang.String,java.lang.String,java.lang.String,java.lang.String)[pri:0, instance:com.Nimap.tests.CustomerTest@673fdbce]" started-at="2025-11-22T21:09:30 IST" name="testNewCustomer" data-provider="newCustomerData" finished-at="2025-11-22T21:09:37 IST" duration-ms="6546" status="PASS">
          <params>
            <param index="0">
              <value>
                <![CDATA[Harsh Patel]]>
              </value>
            </param>
            <param index="1">
              <value>
                <![CDATA[harsh.patel09@gmail.com]]>
              </value>
            </param>
            <param index="2">
              <value>
                <![CDATA[Saudi Arabia]]>
              </value>
            </param>
            <param index="3">
              <value>
                <![CDATA[./Pictures/Profile3.jpg]]>
              </value>
            </param>
          </params>
          <reporter-output>
          </reporter-output>
        </test-method> <!-- testNewCustomer -->
        <test-method is-config="true" signature="teardown()[pri:0, instance:com.Nimap.tests.CustomerTest@673fdbce]" started-at="2025-11-22T21:09:37 IST" name="teardown" finished-at="2025-11-22T21:09:37 IST" duration-ms="251" status="PASS">
          <reporter-output>
          </reporter-output>
        </test-method> <!-- teardown -->
        <test-method is-config="true" signature="setup()[pri:0, instance:com.Nimap.tests.CustomerTest@673fdbce]" started-at="2025-11-22T21:09:37 IST" name="setup" finished-at="2025-11-22T21:09:45 IST" duration-ms="7450" status="PASS">
          <reporter-output>
          </reporter-output>
        </test-method> <!-- setup -->
        <test-method is-config="true" signature="setUpPages()[pri:0, instance:com.Nimap.tests.CustomerTest@673fdbce]" started-at="2025-11-22T21:09:45 IST" name="setUpPages" finished-at="2025-11-22T21:09:46 IST" duration-ms="1568" status="PASS">
          <reporter-output>
          </reporter-output>
        </test-method> <!-- setUpPages -->
        <test-method signature="testNewCustomer(java.lang.String,java.lang.String,java.lang.String,java.lang.String)[pri:0, instance:com.Nimap.tests.CustomerTest@673fdbce]" started-at="2025-11-22T21:09:46 IST" name="testNewCustomer" data-provider="newCustomerData" finished-at="2025-11-22T21:09:51 IST" duration-ms="4712" status="PASS">
          <params>
            <param index="0">
              <value>
                <![CDATA[Emily Carter]]>
              </value>
            </param>
            <param index="1">
              <value>
                <![CDATA[emily.carter88@mailbox.com]]>
              </value>
            </param>
            <param index="2">
              <value>
                <![CDATA[Bangladesh]]>
              </value>
            </param>
            <param index="3">
              <value>
                <![CDATA[./Pictures/Profile4.jpg]]>
              </value>
            </param>
          </params>
          <reporter-output>
          </reporter-output>
        </test-method> <!-- testNewCustomer -->
        <test-method is-config="true" signature="teardown()[pri:0, instance:com.Nimap.tests.CustomerTest@673fdbce]" started-at="2025-11-22T21:09:51 IST" name="teardown" finished-at="2025-11-22T21:09:51 IST" duration-ms="255" status="PASS">
          <reporter-output>
          </reporter-output>
        </test-method> <!-- teardown -->
        <test-method is-config="true" signature="setup()[pri:0, instance:com.Nimap.tests.CustomerTest@673fdbce]" started-at="2025-11-22T21:09:51 IST" name="setup" finished-at="2025-11-22T21:10:00 IST" duration-ms="8981" status="PASS">
          <reporter-output>
          </reporter-output>
        </test-method> <!-- setup -->
        <test-method is-config="true" signature="setUpPages()[pri:0, instance:com.Nimap.tests.CustomerTest@673fdbce]" started-at="2025-11-22T21:10:00 IST" name="setUpPages" finished-at="2025-11-22T21:10:02 IST" duration-ms="2075" status="PASS">
          <reporter-output>
          </reporter-output>
        </test-method> <!-- setUpPages -->
        <test-method signature="testNewCustomer(java.lang.String,java.lang.String,java.lang.String,java.lang.String)[pri:0, instance:com.Nimap.tests.CustomerTest@673fdbce]" started-at="2025-11-22T21:10:02 IST" name="testNewCustomer" data-provider="newCustomerData" finished-at="2025-11-22T21:10:08 IST" duration-ms="5781" status="PASS">
          <params>
            <param index="0">
              <value>
                <![CDATA[Mohammed Irfan]]>
              </value>
            </param>
            <param index="1">
              <value>
                <![CDATA[irfan.dev@mail.com]]>
              </value>
            </param>
            <param index="2">
              <value>
                <![CDATA[Bahrain]]>
              </value>
            </param>
            <param index="3">
              <value>
                <![CDATA[./Pictures/Profile5.jpg]]>
              </value>
            </param>
          </params>
          <reporter-output>
          </reporter-output>
        </test-method> <!-- testNewCustomer -->
        <test-method is-config="true" signature="teardown()[pri:0, instance:com.Nimap.tests.CustomerTest@673fdbce]" started-at="2025-11-22T21:10:08 IST" name="teardown" finished-at="2025-11-22T21:10:08 IST" duration-ms="182" status="PASS">
          <reporter-output>
          </reporter-output>
        </test-method> <!-- teardown -->
        <test-method is-config="true" signature="setup()[pri:0, instance:com.Nimap.tests.CustomerTest@673fdbce]" started-at="2025-11-22T21:10:08 IST" name="setup" finished-at="2025-11-22T21:10:21 IST" duration-ms="13254" status="PASS">
          <reporter-output>
          </reporter-output>
        </test-method> <!-- setup -->
        <test-method is-config="true" signature="setUpPages()[pri:0, instance:com.Nimap.tests.CustomerTest@673fdbce]" started-at="2025-11-22T21:10:21 IST" name="setUpPages" finished-at="2025-11-22T21:10:28 IST" duration-ms="6712" status="PASS">
          <reporter-output>
          </reporter-output>
        </test-method> <!-- setUpPages -->
        <test-method signature="testNewCustomerToastDisplayed()[pri:0, instance:com.Nimap.tests.CustomerTest@673fdbce]" started-at="2025-11-22T21:10:28 IST" name="testNewCustomerToastDisplayed" finished-at="2025-11-22T21:10:29 IST" duration-ms="1281" status="PASS">
          <reporter-output>
          </reporter-output>
        </test-method> <!-- testNewCustomerToastDisplayed -->
        <test-method is-config="true" signature="teardown()[pri:0, instance:com.Nimap.tests.CustomerTest@673fdbce]" started-at="2025-11-22T21:10:29 IST" name="teardown" finished-at="2025-11-22T21:10:30 IST" duration-ms="308" status="PASS">
          <reporter-output>
          </reporter-output>
        </test-method> <!-- teardown -->
      </class> <!-- com.Nimap.tests.CustomerTest -->
    </test> <!-- Test -->
  </suite> <!-- Suite -->
</testng-results>
